

  extract unused
    ✔ Should identify when there is no used class in a text, snippet:::snippet1.php
    ✔ Should identify when there is no used class in a text, snippet:::snippet2.php
    ✔ Should identify when there is no used class in a text, snippet:::snippet3.php
    ✔ Should identify when there is no used class in a text, snippet:::snippet4.php
    ✔ Should identify when there is no used class in a text, snippet:::snippet5.php
    ✔ Should identify when there is no used class in a text, snippet:::snippet6.php
    ✔ Should identify when there is no used class in a text, snippet:::snippet7.php
    ✔ Should identify when there is no used class in a text, snippet:::snippet8.php
    ✔ Should identify when there is no used class in a text, snippet:::snippet9.php
    ✔ Should identify when there is no used class in a text, snippet:::snippet10.php
    ✔ Should identify when there is no used class in a text, snippet:::snippet11.php
    ✔ Should identify when there is no used class in a text, snippet:::snippet12.php
    ✔ Should identify when there is no used class in a text, snippet:::snippet13.php
    ✔ Should identify when there is no used class in a text, snippet:::snippet14.php
    ✔ Should identify when there is no used class in a text, snippet:::snippet15.php
    ✔ Should identify when there is no used class in a text, snippet:::snippet16.php
    ✔ Should identify when there is no used class in a text, snippet:::snippet17.php
    ✔ Should identify when there is no used class in a text, snippet:::snippet18.php
    ✔ Should identify when there is no used class in a text, snippet:::snippet19.php
    ✔ Should identify when there is no used class in a text, snippet:::snippet20.php
    ✔ Should identify when there is no used class in a text, snippet:::snippet21.php
    ✔ Should identify when there is no used class in a text, snippet:::snippet22.php


  22 passing (39ms)

TN:
SF:src/core.ts
FN:5,extractUnusedImports
FNF:1
FNH:1
FNDA:22,extractUnusedImports
DA:3,1
DA:5,1
DA:6,22
DA:7,22
DA:8,22
DA:10,21
DA:18,21
DA:20,21
DA:21,42
DA:22,42
DA:24,42
DA:25,26
DA:29,1
DA:32,22
LF:14
LH:14
BRDA:24,0,0,26
BRDA:24,0,1,16
BRF:2
BRH:2
end_of_record
TN:
SF:src/parser/Ast.ts
FN:5,walker
FN:10,walk
FN:16,(anonymous_2)
FN:25,(anonymous_3)
FN:33,(anonymous_4)
FNF:5
FNH:5
FNDA:21,walker
FNDA:127,walk
FNDA:9,(anonymous_2)
FNDA:19,(anonymous_3)
FNDA:78,(anonymous_4)
DA:3,1
DA:5,1
DA:6,21
DA:7,21
DA:8,21
DA:11,127
DA:12,5
DA:15,127
DA:16,16
DA:19,127
DA:20,40
DA:23,127
DA:24,19
DA:25,19
DA:28,127
DA:29,2
DA:32,127
DA:33,78
DA:37,21
DA:39,21
LF:20
LH:20
BRDA:11,0,0,5
BRDA:11,0,1,122
BRDA:15,1,0,16
BRDA:15,1,1,111
BRDA:15,2,0,127
BRDA:15,2,1,17
BRDA:19,3,0,40
BRDA:19,3,1,87
BRDA:19,4,0,127
BRDA:19,4,1,127
BRDA:23,5,0,19
BRDA:23,5,1,108
BRDA:23,6,0,127
BRDA:23,6,1,38
BRDA:23,6,2,20
BRDA:28,7,0,2
BRDA:28,7,1,125
BRDA:32,8,0,37
BRDA:32,8,1,90
BRF:19
BRH:19
end_of_record
TN:
SF:src/parser/Builder.ts
FN:26,(anonymous_0)
FN:31,(anonymous_1)
FNF:2
FNH:2
FNDA:22,(anonymous_0)
FNDA:21,(anonymous_1)
DA:1,1
DA:2,1
DA:3,1
DA:4,1
DA:5,1
DA:9,1
DA:21,1
DA:26,22
DA:27,22
DA:28,21
DA:32,21
LF:11
LH:11
BRF:0
BRH:0
end_of_record
TN:
SF:src/parser/Expression.ts
FN:5,(anonymous_0)
FN:7,(anonymous_1)
FN:8,(anonymous_2)
FN:9,(anonymous_3)
FN:12,(anonymous_4)
FN:18,(anonymous_5)
FNF:6
FNH:6
FNDA:21,(anonymous_0)
FNDA:21,(anonymous_1)
FNDA:5,(anonymous_2)
FNDA:5,(anonymous_3)
FNDA:4,(anonymous_4)
FNDA:1,(anonymous_5)
DA:3,1
DA:5,21
DA:8,21
DA:9,21
DA:10,21
DA:12,21
DA:13,4
DA:14,2
DA:18,21
DA:19,1
DA:20,1
DA:24,21
LF:12
LH:12
BRDA:13,0,0,2
BRDA:13,0,1,2
BRDA:13,1,0,4
BRDA:13,1,1,4
BRDA:13,1,2,4
BRDA:13,1,3,4
BRDA:19,2,0,1
BRDA:19,2,1,0
BRDA:19,3,0,1
BRDA:19,3,1,1
BRDA:19,3,2,1
BRF:11
BRH:10
end_of_record
TN:
SF:src/parser/Method.ts
FN:9,(anonymous_0)
FN:10,(anonymous_1)
FN:13,(anonymous_2)
FN:15,(anonymous_3)
FN:16,(anonymous_4)
FN:19,(anonymous_5)
FN:21,(anonymous_6)
FN:24,(anonymous_7)
FN:27,(anonymous_8)
FN:28,(anonymous_9)
FN:32,(anonymous_10)
FN:33,(anonymous_11)
FN:34,(anonymous_12)
FN:41,(anonymous_13)
FN:42,(anonymous_14)
FN:43,(anonymous_15)
FN:44,(anonymous_16)
FN:45,(anonymous_17)
FN:46,(anonymous_18)
FN:51,(anonymous_19)
FN:52,(anonymous_20)
FN:53,(anonymous_21)
FN:54,(anonymous_22)
FN:55,(anonymous_23)
FNF:24
FNH:24
FNDA:21,(anonymous_0)
FNDA:21,(anonymous_1)
FNDA:21,(anonymous_2)
FNDA:21,(anonymous_3)
FNDA:21,(anonymous_4)
FNDA:21,(anonymous_5)
FNDA:21,(anonymous_6)
FNDA:9,(anonymous_7)
FNDA:9,(anonymous_8)
FNDA:9,(anonymous_9)
FNDA:2,(anonymous_10)
FNDA:2,(anonymous_11)
FNDA:2,(anonymous_12)
FNDA:21,(anonymous_13)
FNDA:21,(anonymous_14)
FNDA:21,(anonymous_15)
FNDA:14,(anonymous_16)
FNDA:14,(anonymous_17)
FNDA:14,(anonymous_18)
FNDA:21,(anonymous_19)
FNDA:21,(anonymous_20)
FNDA:9,(anonymous_21)
FNDA:4,(anonymous_22)
FNDA:4,(anonymous_23)
DA:1,1
DA:5,1
DA:9,21
DA:10,21
DA:14,21
DA:15,21
DA:16,21
DA:20,21
DA:21,21
DA:23,21
DA:24,9
DA:26,21
DA:27,9
DA:28,9
DA:30,21
DA:31,9
DA:32,8
DA:33,2
DA:34,2
DA:38,21
DA:42,21
DA:43,21
DA:44,21
DA:45,14
DA:46,14
DA:48,21
DA:52,21
DA:53,9
DA:54,4
DA:55,4
LF:30
LH:30
BRDA:15,0,0,1
BRDA:15,0,1,20
BRDA:15,1,0,21
BRDA:15,1,1,21
BRDA:21,2,0,16
BRDA:21,2,1,5
BRDA:21,3,0,21
BRDA:21,3,1,21
BRDA:24,4,0,2
BRDA:24,4,1,7
BRDA:24,5,0,9
BRDA:24,5,1,9
BRDA:27,6,0,1
BRDA:27,6,1,8
BRDA:27,7,0,9
BRDA:27,7,1,9
BRDA:27,7,2,2
BRDA:31,8,0,8
BRDA:31,8,1,1
BRDA:44,9,0,12
BRDA:44,9,1,2
BRDA:45,10,0,10
BRDA:45,10,1,4
BRDA:52,11,0,16
BRDA:52,11,1,5
BRDA:52,12,0,21
BRDA:52,12,1,21
BRDA:53,13,0,5
BRDA:53,13,1,4
BRDA:53,14,0,9
BRDA:53,14,1,9
BRF:31
BRH:31
end_of_record
TN:
SF:src/parser/Namespace.ts
FN:6,(anonymous_0)
FN:8,(anonymous_1)
FN:10,(anonymous_2)
FN:14,(anonymous_3)
FNF:4
FNH:4
FNDA:21,(anonymous_0)
FNDA:21,(anonymous_1)
FNDA:40,(anonymous_2)
FNDA:42,(anonymous_3)
DA:1,1
DA:4,1
DA:6,21
DA:9,21
DA:10,40
DA:13,21
DA:15,42
DA:16,3
DA:17,3
DA:18,3
DA:20,39
LF:11
LH:11
BRDA:15,0,0,3
BRDA:15,0,1,39
BRF:2
BRH:2
end_of_record
TN:
SF:src/types/Nodes.ts
FN:3,(anonymous_0)
FNF:1
FNH:1
FNDA:1,(anonymous_0)
DA:3,1
DA:4,1
DA:5,1
DA:6,1
DA:7,1
DA:8,1
DA:9,1
LF:7
LH:7
BRDA:3,0,0,1
BRDA:3,0,1,1
BRF:2
BRH:2
end_of_record
